2020-04-07 07:25:00	, 4096,	1039
2020-04-07 07:26:00	, 4072,	1026
2020-04-07 07:27:00	, 4061,	1020
2020-04-07 07:28:00	, 4053,	1020
2020-04-07 07:29:00	, 4046,	1017
2020-04-07 07:30:00	, 4042,	1008
2020-04-07 07:31:00	, 4036,	1012
2020-04-07 07:32:00	, 4032,	1011
2020-04-07 07:33:00	, 4029,	1008
2020-04-07 07:34:00	, 4024,	1016
2020-04-07 07:35:00	, 4022,	1002
2020-04-07 07:36:00	, 4019,	1001
2020-04-07 07:37:00	, 4016,	1000
2020-04-07 07:38:00	, 4014,	1000
2020-04-07 07:39:00	, 4012,	1000
2020-04-07 07:40:00	, 4007,	1006
2020-04-07 07:41:00	, 4007,	999
2020-04-07 07:42:00	, 4004,	1005
2020-04-07 07:43:00	, 4002,	1011
2020-04-07 07:44:00	, 4002,	1001
2020-04-07 07:45:00	, 3998,	1012
2020-04-07 07:46:00	, 3995,	999
2020-04-07 07:47:00	, 3996,	1003
2020-04-07 07:48:00	, 3993,	1011
2020-04-07 07:49:00	, 3992,	1007
2020-04-07 07:50:00	, 3988,	1003
2020-04-07 07:51:00	, 3990,	1012
2020-04-07 07:52:00	, 3989,	999
2020-04-07 07:53:00	, 3988,	1001
2020-04-07 07:54:00	, 3986,	1005
2020-04-07 07:55:00	, 3985,	999
2020-04-07 07:56:00	, 3983,	1004
2020-04-07 07:57:00	, 3984,	1006
2020-04-07 07:58:00	, 3982,	1005
2020-04-07 07:59:00	, 3979,	1005
2020-04-07 08:00:00	, 3980,	1006
2020-04-07 08:01:00	, 3978,	1005
2020-04-07 08:02:00	, 3977,	998
2020-04-07 08:03:00	, 3976,	1004
2020-04-07 08:04:00	, 3975,	1005
2020-04-07 08:05:00	, 3973,	1011
2020-04-07 08:06:00	, 3975,	1009
2020-04-07 08:07:00	, 3974,	1004
2020-04-07 08:08:00	, 3972,	1002
2020-04-07 08:09:00	, 3973,	998
2020-04-07 08:10:00	, 3970,	1005
2020-04-07 08:11:00	, 3970,	1011
2020-04-07 08:12:00	, 3970,	1005
2020-04-07 08:13:00	, 3968,	1005
2020-04-07 08:14:00	, 3968,	1003
2020-04-07 08:15:00	, 3968,	1008
2020-04-07 08:16:00	, 3967,	1005
2020-04-07 08:17:00	, 3967,	999
2020-04-07 08:18:00	, 3967,	999
2020-04-07 08:19:00	, 3966,	1007
2020-04-07 08:20:00	, 3964,	1003
2020-04-07 08:21:00	, 3964,	1005
2020-04-07 08:22:00	, 3962,	1012
2020-04-07 08:23:00	, 3962,	1005
2020-04-07 08:24:00	, 3963,	1004
2020-04-07 08:25:00	, 3962,	1004
2020-04-07 08:26:00	, 3962,	1005
2020-04-07 08:27:00	, 3960,	1004
2020-04-07 08:28:00	, 3959,	1005
2020-04-07 08:29:00	, 3958,	1005
2020-04-07 08:30:00	, 3960,	998
2020-04-07 08:31:00	, 3957,	999
2020-04-07 08:32:00	, 3959,	998
2020-04-07 08:33:00	, 3957,	1009
2020-04-07 08:34:00	, 3956,	1003
2020-04-07 08:35:00	, 3956,	1011
2020-04-07 08:36:00	, 3957,	995
2020-04-07 08:37:00	, 3956,	999
2020-04-07 08:38:00	, 3955,	1004
2020-04-07 08:39:00	, 3954,	1005
2020-04-07 08:40:00	, 3954,	1004
2020-04-07 08:41:00	, 3954,	1000
2020-04-07 08:42:00	, 3954,	1004
2020-04-07 08:43:00	, 3951,	1009
2020-04-07 08:44:00	, 3954,	1004
2020-04-07 08:45:00	, 3952,	1010
2020-04-07 08:46:00	, 3952,	1010
2020-04-07 08:47:00	, 3952,	997
2020-04-07 08:48:00	, 3952,	1000
2020-04-07 08:49:00	, 3950,	997
2020-04-07 08:50:00	, 3950,	993
2020-04-07 08:51:00	, 3950,	1010
2020-04-07 08:52:00	, 3950,	1004
2020-04-07 08:53:00	, 3950,	998
2020-04-07 08:54:00	, 3949,	1005
2020-04-07 08:55:00	, 3948,	1005
2020-04-07 08:56:00	, 3949,	999
2020-04-07 08:57:00	, 3947,	998
2020-04-07 08:58:00	, 3948,	997
2020-04-07 08:59:00	, 3946,	1004
2020-04-07 09:00:00	, 3946,	1013
2020-04-07 09:01:00	, 3946,	1005
2020-04-07 09:02:00	, 3945,	1006
2020-04-07 09:03:00	, 3946,	1007
2020-04-07 09:04:00	, 3944,	1010
2020-04-07 09:05:00	, 3942,	1010
2020-04-07 09:06:00	, 3944,	999
2020-04-07 09:07:00	, 3944,	1006
2020-04-07 09:08:00	, 3943,	1010
2020-04-07 09:09:00	, 3942,	1010
2020-04-07 09:10:00	, 3942,	999
2020-04-07 09:11:00	, 3942,	997
2020-04-07 09:12:00	, 3941,	1004
2020-04-07 09:13:00	, 3942,	1003
2020-04-07 09:14:00	, 3940,	1003
2020-04-07 09:15:00	, 3940,	1003
2020-04-07 09:16:00	, 3938,	1010
2020-04-07 09:17:00	, 3939,	1004
2020-04-07 09:18:00	, 3939,	1008
2020-04-07 09:19:00	, 3938,	1005
2020-04-07 09:20:00	, 3936,	996
2020-04-07 09:21:00	, 3936,	1004
2020-04-07 09:22:00	, 3937,	1010
2020-04-07 09:23:00	, 3936,	1000
2020-04-07 09:24:00	, 3936,	1006
2020-04-07 09:25:00	, 3934,	1010
2020-04-07 09:26:00	, 3935,	1002
2020-04-07 09:27:00	, 3935,	998
2020-04-07 09:28:00	, 3935,	998
2020-04-07 09:29:00	, 3934,	1004
2020-04-07 09:30:00	, 3932,	1004
2020-04-07 09:31:00	, 3932,	1003
2020-04-07 09:32:00	, 3932,	1005
2020-04-07 09:33:00	, 3930,	1010
2020-04-07 09:34:00	, 3932,	1005
2020-04-07 09:35:00	, 3932,	998
2020-04-07 09:36:00	, 3930,	1003
2020-04-07 09:37:00	, 3930,	1004
2020-04-07 09:38:00	, 3929,	1009
2020-04-07 09:39:00	, 3929,	1003
2020-04-07 09:40:00	, 3929,	1003
2020-04-07 09:41:00	, 3927,	1003
2020-04-07 09:42:00	, 3928,	996
2020-04-07 09:43:00	, 3925,	1002
2020-04-07 09:44:00	, 3927,	1003
2020-04-07 09:45:00	, 3926,	999
2020-04-07 09:46:00	, 3924,	1004
2020-04-07 09:47:00	, 3924,	997
2020-04-07 09:48:00	, 3924,	1002
2020-04-07 09:49:00	, 3924,	1007
2020-04-07 09:50:00	, 3924,	997
2020-04-07 09:51:00	, 3922,	1002
2020-04-07 09:52:00	, 3920,	1003
2020-04-07 09:53:00	, 3920,	1003
2020-04-07 09:54:00	, 3920,	1003
2020-04-07 09:55:00	, 3920,	1002
2020-04-07 09:56:00	, 3919,	1007
2020-04-07 09:57:00	, 3917,	995
2020-04-07 09:58:00	, 3918,	1005
2020-04-07 09:59:00	, 3916,	1000
2020-04-07 10:00:00	, 3918,	1002
2020-04-07 10:01:00	, 3918,	1003
2020-04-07 10:02:00	, 3916,	998
2020-04-07 10:03:00	, 3914,	999
2020-04-07 10:04:00	, 3914,	1007
2020-04-07 10:05:00	, 3914,	1008
2020-04-07 10:06:00	, 3914,	1000
2020-04-07 10:07:00	, 3910,	1007
2020-04-07 10:08:00	, 3912,	995
2020-04-07 10:09:00	, 3911,	1003
2020-04-07 10:10:00	, 3911,	1008
2020-04-07 10:11:00	, 3910,	995
2020-04-07 10:12:00	, 3909,	996
2020-04-07 10:13:00	, 3908,	992
2020-04-07 10:14:00	, 3908,	992
2020-04-07 10:15:00	, 3906,	1000
2020-04-07 10:16:00	, 3907,	1001
2020-04-07 10:17:00	, 3906,	1001
2020-04-07 10:18:00	, 3905,	998
2020-04-07 10:19:00	, 3905,	1002
2020-04-07 10:20:00	, 3904,	1001
2020-04-07 10:21:00	, 3904,	1001
2020-04-07 10:22:00	, 3903,	992
2020-04-07 10:23:00	, 3902,	1005
2020-04-07 10:24:00	, 3900,	995
2020-04-07 10:25:00	, 3898,	1009
2020-04-07 10:26:00	, 3899,	1008
2020-04-07 10:27:00	, 3898,	1001
2020-04-07 10:28:00	, 3898,	995
2020-04-07 10:29:00	, 3899,	995
2020-04-07 10:30:00	, 3896,	1001
2020-04-07 10:31:00	, 3897,	1001
2020-04-07 10:32:00	, 3894,	996
2020-04-07 10:33:00	, 3894,	1006
2020-04-07 10:34:00	, 3894,	1007
2020-04-07 10:35:00	, 3894,	1002
2020-04-07 10:36:00	, 3893,	1000
2020-04-07 10:37:00	, 3892,	1007
2020-04-07 10:38:00	, 3891,	1001
2020-04-07 10:39:00	, 3890,	994
2020-04-07 10:40:00	, 3891,	994
2020-04-07 10:41:00	, 3890,	1006
2020-04-07 10:42:00	, 3890,	1000
2020-04-07 10:43:00	, 3889,	1000
2020-04-07 10:44:00	, 3888,	1017
2020-04-07 10:45:00	, 3886,	1005
2020-04-07 10:46:00	, 3887,	999
2020-04-07 10:47:00	, 3885,	999
2020-04-07 10:48:00	, 3886,	994
2020-04-07 10:49:00	, 3884,	1000
2020-04-07 10:50:00	, 3883,	993
2020-04-07 10:51:00	, 3884,	994
2020-04-07 10:52:00	, 3882,	1006
2020-04-07 10:53:00	, 3881,	1005
2020-04-07 10:54:00	, 3881,	1006
2020-04-07 10:55:00	, 3881,	1000
2020-04-07 10:56:00	, 3880,	1005
2020-04-07 10:57:00	, 3879,	1000
2020-04-07 10:58:00	, 3877,	1004
2020-04-07 10:59:00	, 3878,	991
2020-04-07 11:00:00	, 3876,	994
2020-04-07 11:01:00	, 3876,	1001
2020-04-07 11:02:00	, 3875,	1001
2020-04-07 11:03:00	, 3876,	1001
2020-04-07 11:04:00	, 3875,	994
2020-04-07 11:05:00	, 3872,	1001
2020-04-07 11:06:00	, 3871,	996
2020-04-07 11:07:00	, 3873,	1000
2020-04-07 11:08:00	, 3872,	994
2020-04-07 11:09:00	, 3871,	1006
2020-04-07 11:10:00	, 3870,	1001
2020-04-07 11:11:00	, 3870,	1007
2020-04-07 11:12:00	, 3869,	1000
2020-04-07 11:13:00	, 3868,	1000
2020-04-07 11:14:00	, 3866,	994
2020-04-07 11:15:00	, 3868,	998
2020-04-07 11:16:00	, 3865,	1002
2020-04-07 11:17:00	, 3866,	1007
2020-04-07 11:18:00	, 3865,	1006
2020-04-07 11:19:00	, 3863,	1000
2020-04-07 11:20:00	, 3864,	1001
2020-04-07 11:21:00	, 3862,	1003
2020-04-07 11:22:00	, 3862,	1002
2020-04-07 11:23:00	, 3858,	1010
2020-04-07 11:24:00	, 3862,	998
2020-04-07 11:25:00	, 3860,	1001
2020-04-07 11:26:00	, 3860,	1000
2020-04-07 11:27:00	, 3859,	993
2020-04-07 11:28:00	, 3858,	1006
2020-04-07 11:29:00	, 3857,	1000
2020-04-07 11:30:00	, 3854,	1006
2020-04-07 11:31:00	, 3856,	999
2020-04-07 11:32:00	, 3855,	998
2020-04-07 11:33:00	, 3854,	1007
2020-04-07 11:34:00	, 3853,	999
2020-04-07 11:35:00	, 3853,	999
2020-04-07 11:36:00	, 3851,	1005
2020-04-07 11:37:00	, 3852,	992
2020-04-07 11:38:00	, 3850,	1005
2020-04-07 11:39:00	, 3850,	1001
2020-04-07 11:40:00	, 3850,	999
2020-04-07 11:41:00	, 3850,	1006
2020-04-07 11:42:00	, 3847,	990
2020-04-07 11:43:00	, 3846,	989
2020-04-07 11:44:00	, 3846,	1007
2020-04-07 11:45:00	, 3844,	1005
2020-04-07 11:46:00	, 3846,	999
2020-04-07 11:47:00	, 3846,	1000
2020-04-07 11:48:00	, 3844,	990
2020-04-07 11:49:00	, 3844,	993
2020-04-07 11:50:00	, 3842,	1006
2020-04-07 11:51:00	, 3842,	996
2020-04-07 11:52:00	, 3840,	1005
2020-04-07 11:53:00	, 3841,	1007
2020-04-07 11:54:00	, 3840,	1000
2020-04-07 11:55:00	, 3839,	1000
2020-04-07 11:56:00	, 3839,	1008
2020-04-07 11:57:00	, 3838,	1000
2020-04-07 11:58:00	, 3838,	999
2020-04-07 11:59:00	, 3834,	1003
2020-04-07 12:00:00	, 3835,	992
2020-04-07 12:01:00	, 3834,	1004
2020-04-07 12:02:00	, 3834,	995
2020-04-07 12:03:00	, 3833,	994
2020-04-07 12:04:00	, 3833,	998
2020-04-07 12:05:00	, 3832,	994
2020-04-07 12:06:00	, 3832,	1004
2020-04-07 12:07:00	, 3832,	992
2020-04-07 12:08:00	, 3829,	993
2020-04-07 12:09:00	, 3830,	994
2020-04-07 12:10:00	, 3828,	1005
2020-04-07 12:11:00	, 3830,	991
2020-04-07 12:12:00	, 3829,	998
2020-04-07 12:13:00	, 3827,	999
2020-04-07 12:14:00	, 3826,	999
2020-04-07 12:15:00	, 3826,	1005
2020-04-07 12:16:00	, 3824,	1004
2020-04-07 12:17:00	, 3824,	1001
2020-04-07 12:18:00	, 3822,	992
2020-04-07 12:19:00	, 3824,	993
2020-04-07 12:20:00	, 3822,	993
2020-04-07 12:21:00	, 3822,	995
2020-04-07 12:22:00	, 3823,	994
2020-04-07 12:23:00	, 3820,	999
2020-04-07 12:24:00	, 3818,	1000
2020-04-07 12:25:00	, 3820,	995
2020-04-07 12:26:00	, 3817,	994
2020-04-07 12:27:00	, 3818,	1009
2020-04-07 12:28:00	, 3816,	1010
2020-04-07 12:29:00	, 3816,	1002
2020-04-07 12:30:00	, 3817,	1005
2020-04-07 12:31:00	, 3816,	1007
2020-04-07 12:32:00	, 3815,	1001
2020-04-07 12:33:00	, 3814,	1003
2020-04-07 12:34:00	, 3814,	1001
2020-04-07 12:35:00	, 3814,	994
2020-04-07 12:36:00	, 3811,	997
2020-04-07 12:37:00	, 3812,	999
2020-04-07 12:38:00	, 3811,	1005
2020-04-07 12:39:00	, 3810,	1005
2020-04-07 12:40:00	, 3810,	995
2020-04-07 12:41:00	, 3811,	999
2020-04-07 12:42:00	, 3808,	998
2020-04-07 12:43:00	, 3806,	1005
2020-04-07 12:44:00	, 3804,	1004
2020-04-07 12:45:00	, 3807,	1003
2020-04-07 12:46:00	, 3806,	997
2020-04-07 12:47:00	, 3804,	1004
2020-04-07 12:48:00	, 3806,	990
2020-04-07 12:49:00	, 3804,	999
2020-04-07 12:50:00	, 3804,	998
2020-04-07 12:51:00	, 3804,	999
2020-04-07 12:52:00	, 3804,	1003
2020-04-07 12:53:00	, 3802,	1006
2020-04-07 12:54:00	, 3802,	990
2020-04-07 12:55:00	, 3799,	1004
2020-04-07 12:56:00	, 3801,	997
2020-04-07 12:57:00	, 3797,	997
2020-04-07 12:58:00	, 3800,	997
2020-04-07 12:59:00	, 3798,	999
2020-04-07 13:00:00	, 3797,	994
2020-04-07 13:01:00	, 3796,	1005
2020-04-07 13:02:00	, 3798,	992
2020-04-07 13:03:00	, 3795,	1004
2020-04-07 13:04:00	, 3795,	1003
2020-04-07 13:05:00	, 3793,	997
2020-04-07 13:06:00	, 3794,	995
2020-04-07 13:07:00	, 3792,	991
2020-04-07 13:08:00	, 3794,	998
2020-04-07 13:09:00	, 3791,	999
2020-04-07 13:10:00	, 3792,	997
2020-04-07 13:11:00	, 3790,	998
2020-04-07 13:12:00	, 3790,	1006
2020-04-07 13:13:00	, 3788,	999
2020-04-07 13:14:00	, 3790,	992
2020-04-07 13:15:00	, 3786,	1001
2020-04-07 13:16:00	, 3787,	992
2020-04-07 13:17:00	, 3786,	998
2020-04-07 13:18:00	, 3787,	999
2020-04-07 13:19:00	, 3783,	1005
2020-04-07 13:20:00	, 3784,	1004
2020-04-07 13:21:00	, 3783,	998
2020-04-07 13:22:00	, 3782,	995
2020-04-07 13:23:00	, 3780,	998
2020-04-07 13:24:00	, 3781,	1004
2020-04-07 13:25:00	, 3779,	1004
2020-04-07 13:26:00	, 3778,	996
2020-04-07 13:27:00	, 3776,	998
2020-04-07 13:28:00	, 3778,	997
2020-04-07 13:29:00	, 3774,	1004
2020-04-07 13:30:00	, 3777,	998
2020-04-07 13:31:00	, 3773,	1003
2020-04-07 13:32:00	, 3775,	1004
2020-04-07 13:33:00	, 3774,	991
2020-04-07 13:34:00	, 3775,	991
2020-04-07 13:35:00	, 3772,	998
2020-04-07 13:36:00	, 3773,	992
2020-04-07 13:37:00	, 3770,	1003
2020-04-07 13:38:00	, 3770,	1002
2020-04-07 13:39:00	, 3766,	1004
2020-04-07 13:40:00	, 3770,	996
2020-04-07 13:41:00	, 3768,	1006
2020-04-07 13:42:00	, 3768,	997
2020-04-07 13:43:00	, 3766,	997
2020-04-07 13:44:00	, 3766,	991
2020-04-07 13:45:00	, 3763,	1003
2020-04-07 13:46:00	, 3764,	997
2020-04-07 13:47:00	, 3761,	996
2020-04-07 13:48:00	, 3762,	1003
2020-04-07 13:49:00	, 3760,	991
2020-04-07 13:50:00	, 3761,	997
2020-04-07 13:51:00	, 3758,	991
2020-04-07 13:52:00	, 3759,	997
2020-04-07 13:53:00	, 3757,	1004
2020-04-07 13:54:00	, 3757,	997
2020-04-07 13:55:00	, 3753,	997
2020-04-07 13:56:00	, 3755,	998
2020-04-07 13:57:00	, 3751,	1001
2020-04-07 13:58:00	, 3754,	995
2020-04-07 13:59:00	, 3750,	995
2020-04-07 14:00:00	, 3751,	995
2020-04-07 14:01:00	, 3749,	989
2020-04-07 14:02:00	, 3750,	995
2020-04-07 14:03:00	, 3747,	995
2020-04-07 14:04:00	, 3747,	994
2020-04-07 14:05:00	, 3746,	996
2020-04-07 14:06:00	, 3745,	989
2020-04-07 14:07:00	, 3742,	995
2020-04-07 14:08:00	, 3744,	1001
2020-04-07 14:09:00	, 3740,	995
2020-04-07 14:10:00	, 3741,	998
2020-04-07 14:11:00	, 3738,	997
2020-04-07 14:12:00	, 3738,	996
2020-04-07 14:13:00	, 3736,	996
2020-04-07 14:14:00	, 3737,	991
2020-04-07 14:15:00	, 3733,	1005
2020-04-07 14:16:00	, 3736,	996
2020-04-07 14:17:00	, 3731,	1004
2020-04-07 14:18:00	, 3732,	1004
2020-04-07 14:19:00	, 3727,	1001
2020-04-07 14:20:00	, 3730,	1006
2020-04-07 14:21:00	, 3728,	998
2020-04-07 14:22:00	, 3729,	997
2020-04-07 14:23:00	, 3726,	1000
2020-04-07 14:24:00	, 3726,	1003
2020-04-07 14:25:00	, 3722,	998
2020-04-07 14:26:00	, 3724,	1000
2020-04-07 14:27:00	, 3720,	1002
2020-04-07 14:28:00	, 3722,	990
2020-04-07 14:29:00	, 3716,	995
2020-04-07 14:30:00	, 3719,	989
2020-04-07 14:31:00	, 3716,	996
2020-04-07 14:32:00	, 3716,	996
2020-04-07 14:33:00	, 3712,	1002
2020-04-07 14:34:00	, 3714,	996
2020-04-07 14:35:00	, 3710,	997
2020-04-07 14:36:00	, 3712,	997
2020-04-07 14:37:00	, 3708,	990
2020-04-07 14:38:00	, 3710,	997
2020-04-07 14:39:00	, 3706,	996
2020-04-07 14:40:00	, 3707,	1001
2020-04-07 14:41:00	, 3705,	989
2020-04-07 14:42:00	, 3703,	985
2020-04-07 14:43:00	, 3702,	995
2020-04-07 14:44:00	, 3701,	1001
2020-04-07 14:45:00	, 3698,	988
2020-04-07 14:46:00	, 3700,	1000
2020-04-07 14:47:00	, 3697,	987
2020-04-07 14:48:00	, 3698,	989
2020-04-07 14:49:00	, 3694,	989
2020-04-07 14:50:00	, 3695,	997
2020-04-07 14:51:00	, 3690,	994
2020-04-07 14:52:00	, 3691,	995
2020-04-07 14:53:00	, 3687,	1001
2020-04-07 14:54:00	, 3688,	998
2020-04-07 14:55:00	, 3686,	989
2020-04-07 14:56:00	, 3686,	989
2020-04-07 14:57:00	, 3684,	995
2020-04-07 14:58:00	, 3683,	993
2020-04-07 14:59:00	, 3679,	997
2020-04-07 15:00:00	, 3680,	1002
2020-04-07 15:01:00	, 3677,	992
2020-04-07 15:02:00	, 3674,	996
2020-04-07 15:03:00	, 3673,	1002
2020-04-07 15:04:00	, 3670,	997
2020-04-07 15:05:00	, 3670,	989
2020-04-07 15:06:00	, 3668,	1002
2020-04-07 15:07:00	, 3667,	989
2020-04-07 15:08:00	, 3665,	1000
2020-04-07 15:09:00	, 3662,	996
2020-04-07 15:10:00	, 3658,	989
2020-04-07 15:11:00	, 3658,	997
2020-04-07 15:12:00	, 3655,	996
2020-04-07 15:13:00	, 3652,	996
2020-04-07 15:14:00	, 3651,	997
2020-04-07 15:15:00	, 3648,	997
2020-04-07 15:16:00	, 3645,	997
2020-04-07 15:17:00	, 3642,	997
2020-04-07 15:18:00	, 3639,	995
2020-04-07 15:19:00	, 3638,	1001
2020-04-07 15:20:00	, 3634,	995
2020-04-07 15:21:00	, 3631,	1000
2020-04-07 15:22:00	, 3628,	996
2020-04-07 15:23:00	, 3624,	1002
2020-04-07 15:24:00	, 3621,	1002
2020-04-07 15:25:00	, 3617,	1002
2020-04-07 15:26:00	, 3614,	996
2020-04-07 15:27:00	, 3611,	989
2020-04-07 15:28:00	, 3606,	989
2020-04-07 15:29:00	, 3602,	995
2020-04-07 15:30:00	, 3597,	1002
2020-04-07 15:31:00	, 3594,	990
2020-04-07 15:32:00	, 3588,	994
2020-04-07 15:33:00	, 3584,	987
2020-04-07 15:34:00	, 3578,	992
2020-04-07 15:35:00	, 3572,	988
2020-04-07 15:36:00	, 3566,	997
2020-04-07 15:37:00	, 3558,	999
2020-04-07 15:38:00	, 3551,	989
2020-04-07 15:39:00	, 3543,	996
2020-04-07 15:40:00	, 3534,	1005
2020-04-07 15:41:00	, 3524,	1002
2020-04-07 15:42:00	, 3510,	989
2020-04-07 15:43:00	, 3495,	992
2020-04-07 15:44:00	, 3478,	998